Analysis & Synthesis report for uart
Tue Feb 20 14:01:27 2018
Quartus Prime Version 17.1.0 Build 590 10/25/2017 SJ Lite Edition


---------------------
; Table of Contents ;
---------------------
  1. Legal Notice
  2. Analysis & Synthesis Summary
  3. Analysis & Synthesis Settings
  4. Parallel Compilation
  5. Source assignments for Top-level Entity: |uart_top
  6. Port Connectivity Checks: "UartMain:u|Sender2:u|BufferedTx:tx"
  7. Port Connectivity Checks: "UartMain:u"
  8. Analysis & Synthesis Messages
  9. Analysis & Synthesis Suppressed Messages



----------------
; Legal Notice ;
----------------
Copyright (C) 2017  Intel Corporation. All rights reserved.
Your use of Intel Corporation's design tools, logic functions 
and other software and tools, and its AMPP partner logic 
functions, and any output files from any of the foregoing 
(including device programming or simulation files), and any 
associated documentation or information are expressly subject 
to the terms and conditions of the Intel Program License 
Subscription Agreement, the Intel Quartus Prime License Agreement,
the Intel FPGA IP License Agreement, or other applicable license
agreement, including, without limitation, that your use is for
the sole purpose of programming logic devices manufactured by
Intel and sold by Intel or its authorized distributors.  Please
refer to the applicable agreement for further details.



+----------------------------------------------------------------------------------+
; Analysis & Synthesis Summary                                                     ;
+------------------------------------+---------------------------------------------+
; Analysis & Synthesis Status        ; Failed - Tue Feb 20 14:01:27 2018           ;
; Quartus Prime Version              ; 17.1.0 Build 590 10/25/2017 SJ Lite Edition ;
; Revision Name                      ; uart                                        ;
; Top-level Entity Name              ; uart_top                                    ;
; Family                             ; Cyclone IV E                                ;
; Total logic elements               ; N/A until Partition Merge                   ;
;     Total combinational functions  ; N/A until Partition Merge                   ;
;     Dedicated logic registers      ; N/A until Partition Merge                   ;
; Total registers                    ; N/A until Partition Merge                   ;
; Total pins                         ; N/A until Partition Merge                   ;
; Total virtual pins                 ; N/A until Partition Merge                   ;
; Total memory bits                  ; N/A until Partition Merge                   ;
; Embedded Multiplier 9-bit elements ; N/A until Partition Merge                   ;
; Total PLLs                         ; N/A until Partition Merge                   ;
+------------------------------------+---------------------------------------------+


+----------------------------------------------------------------------------------------------------------------------+
; Analysis & Synthesis Settings                                                                                        ;
+----------------------------------------------------------------------------+--------------------+--------------------+
; Option                                                                     ; Setting            ; Default Value      ;
+----------------------------------------------------------------------------+--------------------+--------------------+
; Device                                                                     ; EP4CE115F29C7      ;                    ;
; Top-level entity name                                                      ; uart_top           ; uart               ;
; Family name                                                                ; Cyclone IV E       ; Cyclone V          ;
; Use smart compilation                                                      ; Off                ; Off                ;
; Enable parallel Assembler and TimeQuest Timing Analyzer during compilation ; On                 ; On                 ;
; Enable compact report table                                                ; Off                ; Off                ;
; Restructure Multiplexers                                                   ; Auto               ; Auto               ;
; Create Debugging Nodes for IP Cores                                        ; Off                ; Off                ;
; Preserve fewer node names                                                  ; On                 ; On                 ;
; Intel FPGA IP Evaluation Mode                                              ; Enable             ; Enable             ;
; Verilog Version                                                            ; Verilog_2001       ; Verilog_2001       ;
; VHDL Version                                                               ; VHDL_1993          ; VHDL_1993          ;
; State Machine Processing                                                   ; Auto               ; Auto               ;
; Safe State Machine                                                         ; Off                ; Off                ;
; Extract Verilog State Machines                                             ; On                 ; On                 ;
; Extract VHDL State Machines                                                ; On                 ; On                 ;
; Ignore Verilog initial constructs                                          ; Off                ; Off                ;
; Iteration limit for constant Verilog loops                                 ; 5000               ; 5000               ;
; Iteration limit for non-constant Verilog loops                             ; 250                ; 250                ;
; Add Pass-Through Logic to Inferred RAMs                                    ; On                 ; On                 ;
; Infer RAMs from Raw Logic                                                  ; On                 ; On                 ;
; Parallel Synthesis                                                         ; On                 ; On                 ;
; DSP Block Balancing                                                        ; Auto               ; Auto               ;
; NOT Gate Push-Back                                                         ; On                 ; On                 ;
; Power-Up Don't Care                                                        ; On                 ; On                 ;
; Remove Redundant Logic Cells                                               ; Off                ; Off                ;
; Remove Duplicate Registers                                                 ; On                 ; On                 ;
; Ignore CARRY Buffers                                                       ; Off                ; Off                ;
; Ignore CASCADE Buffers                                                     ; Off                ; Off                ;
; Ignore GLOBAL Buffers                                                      ; Off                ; Off                ;
; Ignore ROW GLOBAL Buffers                                                  ; Off                ; Off                ;
; Ignore LCELL Buffers                                                       ; Off                ; Off                ;
; Ignore SOFT Buffers                                                        ; On                 ; On                 ;
; Limit AHDL Integers to 32 Bits                                             ; Off                ; Off                ;
; Optimization Technique                                                     ; Balanced           ; Balanced           ;
; Carry Chain Length                                                         ; 70                 ; 70                 ;
; Auto Carry Chains                                                          ; On                 ; On                 ;
; Auto Open-Drain Pins                                                       ; On                 ; On                 ;
; Perform WYSIWYG Primitive Resynthesis                                      ; Off                ; Off                ;
; Auto ROM Replacement                                                       ; On                 ; On                 ;
; Auto RAM Replacement                                                       ; On                 ; On                 ;
; Auto DSP Block Replacement                                                 ; On                 ; On                 ;
; Auto Shift Register Replacement                                            ; Auto               ; Auto               ;
; Allow Shift Register Merging across Hierarchies                            ; Auto               ; Auto               ;
; Auto Clock Enable Replacement                                              ; On                 ; On                 ;
; Strict RAM Replacement                                                     ; Off                ; Off                ;
; Allow Synchronous Control Signals                                          ; On                 ; On                 ;
; Force Use of Synchronous Clear Signals                                     ; Off                ; Off                ;
; Auto RAM Block Balancing                                                   ; On                 ; On                 ;
; Auto RAM to Logic Cell Conversion                                          ; Off                ; Off                ;
; Auto Resource Sharing                                                      ; Off                ; Off                ;
; Allow Any RAM Size For Recognition                                         ; Off                ; Off                ;
; Allow Any ROM Size For Recognition                                         ; Off                ; Off                ;
; Allow Any Shift Register Size For Recognition                              ; Off                ; Off                ;
; Use LogicLock Constraints during Resource Balancing                        ; On                 ; On                 ;
; Ignore translate_off and synthesis_off directives                          ; Off                ; Off                ;
; Timing-Driven Synthesis                                                    ; On                 ; On                 ;
; Report Parameter Settings                                                  ; On                 ; On                 ;
; Report Source Assignments                                                  ; On                 ; On                 ;
; Report Connectivity Checks                                                 ; On                 ; On                 ;
; Ignore Maximum Fan-Out Assignments                                         ; Off                ; Off                ;
; Synchronization Register Chain Length                                      ; 2                  ; 2                  ;
; Power Optimization During Synthesis                                        ; Normal compilation ; Normal compilation ;
; HDL message level                                                          ; Level2             ; Level2             ;
; Suppress Register Optimization Related Messages                            ; Off                ; Off                ;
; Number of Removed Registers Reported in Synthesis Report                   ; 5000               ; 5000               ;
; Number of Swept Nodes Reported in Synthesis Report                         ; 5000               ; 5000               ;
; Number of Inverted Registers Reported in Synthesis Report                  ; 100                ; 100                ;
; Clock MUX Protection                                                       ; On                 ; On                 ;
; Auto Gated Clock Conversion                                                ; Off                ; Off                ;
; Block Design Naming                                                        ; Auto               ; Auto               ;
; SDC constraint protection                                                  ; Off                ; Off                ;
; Synthesis Effort                                                           ; Auto               ; Auto               ;
; Shift Register Replacement - Allow Asynchronous Clear Signal               ; On                 ; On                 ;
; Pre-Mapping Resynthesis Optimization                                       ; Off                ; Off                ;
; Analysis & Synthesis Message Level                                         ; Medium             ; Medium             ;
; Disable Register Merging Across Hierarchies                                ; Auto               ; Auto               ;
; Resource Aware Inference For Block RAM                                     ; On                 ; On                 ;
+----------------------------------------------------------------------------+--------------------+--------------------+


+------------------------------------------+
; Parallel Compilation                     ;
+----------------------------+-------------+
; Processors                 ; Number      ;
+----------------------------+-------------+
; Number detected on machine ; 4           ;
; Maximum allowed            ; 2           ;
;                            ;             ;
; Average used               ; 1.00        ;
; Maximum used               ; 1           ;
;                            ;             ;
; Usage by Processor         ; % Time Used ;
;     Processor 1            ; 100.0%      ;
+----------------------------+-------------+


+----------------------------------------------------+
; Source assignments for Top-level Entity: |uart_top ;
+----------------+-------+------+--------------------+
; Assignment     ; Value ; From ; To                 ;
+----------------+-------+------+--------------------+
; POWER_UP_LEVEL ; LOW   ; -    ; res_cnt[0]         ;
; POWER_UP_LEVEL ; LOW   ; -    ; res_cnt[1]         ;
; POWER_UP_LEVEL ; LOW   ; -    ; res_cnt[2]         ;
+----------------+-------+------+--------------------+


+----------------------------------------------------------------+
; Port Connectivity Checks: "UartMain:u|Sender2:u|BufferedTx:tx" ;
+-----------------------+-------+----------+---------------------+
; Port                  ; Type  ; Severity ; Details             ;
+-----------------------+-------+----------+---------------------+
; io_channel_data[5..4] ; Input ; Info     ; Stuck at VCC        ;
; io_channel_data[7..6] ; Input ; Info     ; Stuck at GND        ;
+-----------------------+-------+----------+---------------------+


+-------------------------------------------------------------------------------------------------------------------------------------------------+
; Port Connectivity Checks: "UartMain:u"                                                                                                          ;
+---------+---------+------------------+----------------------------------------------------------------------------------------------------------+
; Port    ; Type    ; Severity         ; Details                                                                                                  ;
+---------+---------+------------------+----------------------------------------------------------------------------------------------------------+
; io_led  ; Unknown ; Critical Warning ; Named port was not declared by the instantiated entity                                                   ;
; io_ledG ; Output  ; Warning          ; Declared by entity but not connected by instance. Logic that only feeds a dangling port will be removed. ;
; io_ledR ; Output  ; Warning          ; Declared by entity but not connected by instance. Logic that only feeds a dangling port will be removed. ;
+---------+---------+------------------+----------------------------------------------------------------------------------------------------------+


+-------------------------------+
; Analysis & Synthesis Messages ;
+-------------------------------+
Info: *******************************************************************
Info: Running Quartus Prime Analysis & Synthesis
    Info: Version 17.1.0 Build 590 10/25/2017 SJ Lite Edition
    Info: Processing started: Tue Feb 20 14:01:16 2018
Info: Command: quartus_map --read_settings_files=on --write_settings_files=off uart -c uart
Warning (18236): Number of processors has not been specified which may cause overloading on shared machines.  Set the global assignment NUM_PARALLEL_PROCESSORS in your QSF to an appropriate value for best performance.
Info (20030): Parallel compilation is enabled and will use 2 of the 2 processors detected
Info (12021): Found 2 design units, including 1 entities, in source file /home/maze/Files/Studies/Master/Advanced-Computer-Architectures/ACA-2018/examples/vhdl/uart_top.vhdl
    Info (12022): Found design unit 1: uart_top-rtl File: /home/maze/Files/Studies/Master/Advanced-Computer-Architectures/ACA-2018/examples/vhdl/uart_top.vhdl Line: 20
    Info (12023): Found entity 1: uart_top File: /home/maze/Files/Studies/Master/Advanced-Computer-Architectures/ACA-2018/examples/vhdl/uart_top.vhdl Line: 9
Info (12021): Found 6 design units, including 6 entities, in source file /home/maze/Files/Studies/Master/Advanced-Computer-Architectures/ACA-2018/examples/generated/UartMain.v
    Info (12023): Found entity 1: Tx File: /home/maze/Files/Studies/Master/Advanced-Computer-Architectures/ACA-2018/examples/generated/UartMain.v Line: 1
    Info (12023): Found entity 2: Buffer File: /home/maze/Files/Studies/Master/Advanced-Computer-Architectures/ACA-2018/examples/generated/UartMain.v Line: 176
    Info (12023): Found entity 3: BufferedTx File: /home/maze/Files/Studies/Master/Advanced-Computer-Architectures/ACA-2018/examples/generated/UartMain.v Line: 241
    Info (12023): Found entity 4: Sender2 File: /home/maze/Files/Studies/Master/Advanced-Computer-Architectures/ACA-2018/examples/generated/UartMain.v Line: 273
    Info (12023): Found entity 5: Led File: /home/maze/Files/Studies/Master/Advanced-Computer-Architectures/ACA-2018/examples/generated/UartMain.v Line: 379
    Info (12023): Found entity 6: UartMain File: /home/maze/Files/Studies/Master/Advanced-Computer-Architectures/ACA-2018/examples/generated/UartMain.v Line: 429
Info (12127): Elaborating entity "uart_top" for the top level hierarchy
Info (12128): Elaborating entity "UartMain" for hierarchy "UartMain:u" File: /home/maze/Files/Studies/Master/Advanced-Computer-Architectures/ACA-2018/examples/vhdl/uart_top.vhdl Line: 58
Info (12128): Elaborating entity "Sender2" for hierarchy "UartMain:u|Sender2:u" File: /home/maze/Files/Studies/Master/Advanced-Computer-Architectures/ACA-2018/examples/generated/UartMain.v Line: 447
Warning (10036): Verilog HDL or VHDL warning at UartMain.v(280): object "T14" assigned a value but never read File: /home/maze/Files/Studies/Master/Advanced-Computer-Architectures/ACA-2018/examples/generated/UartMain.v Line: 280
Warning (10036): Verilog HDL or VHDL warning at UartMain.v(286): object "T15" assigned a value but never read File: /home/maze/Files/Studies/Master/Advanced-Computer-Architectures/ACA-2018/examples/generated/UartMain.v Line: 286
Warning (10036): Verilog HDL or VHDL warning at UartMain.v(297): object "T17" assigned a value but never read File: /home/maze/Files/Studies/Master/Advanced-Computer-Architectures/ACA-2018/examples/generated/UartMain.v Line: 297
Info (12128): Elaborating entity "BufferedTx" for hierarchy "UartMain:u|Sender2:u|BufferedTx:tx" File: /home/maze/Files/Studies/Master/Advanced-Computer-Architectures/ACA-2018/examples/generated/UartMain.v Line: 356
Info (12128): Elaborating entity "Tx" for hierarchy "UartMain:u|Sender2:u|BufferedTx:tx|Tx:tx" File: /home/maze/Files/Studies/Master/Advanced-Computer-Architectures/ACA-2018/examples/generated/UartMain.v Line: 262
Warning (10036): Verilog HDL or VHDL warning at UartMain.v(9): object "T44" assigned a value but never read File: /home/maze/Files/Studies/Master/Advanced-Computer-Architectures/ACA-2018/examples/generated/UartMain.v Line: 9
Warning (10036): Verilog HDL or VHDL warning at UartMain.v(22): object "T46" assigned a value but never read File: /home/maze/Files/Studies/Master/Advanced-Computer-Architectures/ACA-2018/examples/generated/UartMain.v Line: 22
Warning (10036): Verilog HDL or VHDL warning at UartMain.v(28): object "T47" assigned a value but never read File: /home/maze/Files/Studies/Master/Advanced-Computer-Architectures/ACA-2018/examples/generated/UartMain.v Line: 28
Warning (10230): Verilog HDL assignment warning at UartMain.v(92): truncated value with size 12 to match size of target (11) File: /home/maze/Files/Studies/Master/Advanced-Computer-Architectures/ACA-2018/examples/generated/UartMain.v Line: 92
Info (12128): Elaborating entity "Buffer" for hierarchy "UartMain:u|Sender2:u|BufferedTx:tx|Buffer:buf_" File: /home/maze/Files/Studies/Master/Advanced-Computer-Architectures/ACA-2018/examples/generated/UartMain.v Line: 270
Warning (10036): Verilog HDL or VHDL warning at UartMain.v(187): object "T9" assigned a value but never read File: /home/maze/Files/Studies/Master/Advanced-Computer-Architectures/ACA-2018/examples/generated/UartMain.v Line: 187
Warning (10036): Verilog HDL or VHDL warning at UartMain.v(195): object "T10" assigned a value but never read File: /home/maze/Files/Studies/Master/Advanced-Computer-Architectures/ACA-2018/examples/generated/UartMain.v Line: 195
Info (12128): Elaborating entity "Led" for hierarchy "UartMain:u|Led:l" File: /home/maze/Files/Studies/Master/Advanced-Computer-Architectures/ACA-2018/examples/generated/UartMain.v Line: 450
Warning (10036): Verilog HDL or VHDL warning at UartMain.v(384): object "T5" assigned a value but never read File: /home/maze/Files/Studies/Master/Advanced-Computer-Architectures/ACA-2018/examples/generated/UartMain.v Line: 384
Warning (10036): Verilog HDL or VHDL warning at UartMain.v(389): object "T6" assigned a value but never read File: /home/maze/Files/Studies/Master/Advanced-Computer-Architectures/ACA-2018/examples/generated/UartMain.v Line: 389
Error (12002): Port "io_led[0]" does not exist in macrofunction "u" File: /home/maze/Files/Studies/Master/Advanced-Computer-Architectures/ACA-2018/examples/vhdl/uart_top.vhdl Line: 58
Error (12002): Port "io_led[1]" does not exist in macrofunction "u" File: /home/maze/Files/Studies/Master/Advanced-Computer-Architectures/ACA-2018/examples/vhdl/uart_top.vhdl Line: 58
Error (12002): Port "io_led[2]" does not exist in macrofunction "u" File: /home/maze/Files/Studies/Master/Advanced-Computer-Architectures/ACA-2018/examples/vhdl/uart_top.vhdl Line: 58
Error (12002): Port "io_led[3]" does not exist in macrofunction "u" File: /home/maze/Files/Studies/Master/Advanced-Computer-Architectures/ACA-2018/examples/vhdl/uart_top.vhdl Line: 58
Error (12002): Port "io_led[4]" does not exist in macrofunction "u" File: /home/maze/Files/Studies/Master/Advanced-Computer-Architectures/ACA-2018/examples/vhdl/uart_top.vhdl Line: 58
Error (12002): Port "io_led[5]" does not exist in macrofunction "u" File: /home/maze/Files/Studies/Master/Advanced-Computer-Architectures/ACA-2018/examples/vhdl/uart_top.vhdl Line: 58
Error (12002): Port "io_led[6]" does not exist in macrofunction "u" File: /home/maze/Files/Studies/Master/Advanced-Computer-Architectures/ACA-2018/examples/vhdl/uart_top.vhdl Line: 58
Error (12002): Port "io_led[7]" does not exist in macrofunction "u" File: /home/maze/Files/Studies/Master/Advanced-Computer-Architectures/ACA-2018/examples/vhdl/uart_top.vhdl Line: 58
Error (12002): Port "io_led[8]" does not exist in macrofunction "u" File: /home/maze/Files/Studies/Master/Advanced-Computer-Architectures/ACA-2018/examples/vhdl/uart_top.vhdl Line: 58
Error (12002): Port "io_led[9]" does not exist in macrofunction "u" File: /home/maze/Files/Studies/Master/Advanced-Computer-Architectures/ACA-2018/examples/vhdl/uart_top.vhdl Line: 58
Warning (12241): 1 hierarchies have connectivity warnings - see the Connectivity Checks report folder
Info (144001): Generated suppressed messages file /home/maze/Files/Studies/Master/Advanced-Computer-Architectures/ACA-2018/examples/quartus/altde2-115/uart.map.smsg
Error: Quartus Prime Analysis & Synthesis was unsuccessful. 10 errors, 13 warnings
    Error: Peak virtual memory: 951 megabytes
    Error: Processing ended: Tue Feb 20 14:01:27 2018
    Error: Elapsed time: 00:00:11
    Error: Total CPU time (on all processors): 00:00:26


+------------------------------------------+
; Analysis & Synthesis Suppressed Messages ;
+------------------------------------------+
The suppressed messages can be found in /home/maze/Files/Studies/Master/Advanced-Computer-Architectures/ACA-2018/examples/quartus/altde2-115/uart.map.smsg.


